2020.12.22 13:41:16 org.jivesoftware.openfire.container.PluginMonitor - An unexpected exception occurred:
java.lang.NullPointerException: null
	at org.jivesoftware.openfire.container.PluginManager.unloadPlugin(PluginManager.java:973) ~[target/:?]
	at org.jivesoftware.openfire.container.PluginMonitor$MonitorTask.run(PluginMonitor.java:310) [target/:?]
	at java.util.concurrent.Executors$RunnableAdapter.call(Executors.java:511) [?:1.8.0_222-2-ojdkbuild]
	at java.util.concurrent.FutureTask.runAndReset(FutureTask.java:308) [?:1.8.0_222-2-ojdkbuild]
	at java.util.concurrent.ScheduledThreadPoolExecutor$ScheduledFutureTask.access$301(ScheduledThreadPoolExecutor.java:180) [?:1.8.0_222-2-ojdkbuild]
	at java.util.concurrent.ScheduledThreadPoolExecutor$ScheduledFutureTask.run(ScheduledThreadPoolExecutor.java:294) [?:1.8.0_222-2-ojdkbuild]
	at java.util.concurrent.ThreadPoolExecutor.runWorker(ThreadPoolExecutor.java:1149) [?:1.8.0_222-2-ojdkbuild]
	at java.util.concurrent.ThreadPoolExecutor$Worker.run(ThreadPoolExecutor.java:624) [?:1.8.0_222-2-ojdkbuild]
	at java.lang.Thread.run(Thread.java:748) [?:1.8.0_222-2-ojdkbuild]
2020.12.22 13:41:36 org.jivesoftware.openfire.container.PluginMonitor - An unexpected exception occurred:
java.lang.NullPointerException: null
	at org.jivesoftware.openfire.container.PluginManager.unloadPlugin(PluginManager.java:973) ~[target/:?]
	at org.jivesoftware.openfire.container.PluginMonitor$MonitorTask.run(PluginMonitor.java:310) [target/:?]
	at java.util.concurrent.Executors$RunnableAdapter.call(Executors.java:511) [?:1.8.0_222-2-ojdkbuild]
	at java.util.concurrent.FutureTask.runAndReset(FutureTask.java:308) [?:1.8.0_222-2-ojdkbuild]
	at java.util.concurrent.ScheduledThreadPoolExecutor$ScheduledFutureTask.access$301(ScheduledThreadPoolExecutor.java:180) [?:1.8.0_222-2-ojdkbuild]
	at java.util.concurrent.ScheduledThreadPoolExecutor$ScheduledFutureTask.run(ScheduledThreadPoolExecutor.java:294) [?:1.8.0_222-2-ojdkbuild]
	at java.util.concurrent.ThreadPoolExecutor.runWorker(ThreadPoolExecutor.java:1149) [?:1.8.0_222-2-ojdkbuild]
	at java.util.concurrent.ThreadPoolExecutor$Worker.run(ThreadPoolExecutor.java:624) [?:1.8.0_222-2-ojdkbuild]
	at java.lang.Thread.run(Thread.java:748) [?:1.8.0_222-2-ojdkbuild]
2020.12.22 13:41:56 org.jivesoftware.openfire.container.PluginMonitor - An unexpected exception occurred:
java.lang.NullPointerException: null
	at org.jivesoftware.openfire.container.PluginManager.unloadPlugin(PluginManager.java:973) ~[target/:?]
	at org.jivesoftware.openfire.container.PluginMonitor$MonitorTask.run(PluginMonitor.java:310) [target/:?]
	at java.util.concurrent.Executors$RunnableAdapter.call(Executors.java:511) [?:1.8.0_222-2-ojdkbuild]
	at java.util.concurrent.FutureTask.runAndReset(FutureTask.java:308) [?:1.8.0_222-2-ojdkbuild]
	at java.util.concurrent.ScheduledThreadPoolExecutor$ScheduledFutureTask.access$301(ScheduledThreadPoolExecutor.java:180) [?:1.8.0_222-2-ojdkbuild]
	at java.util.concurrent.ScheduledThreadPoolExecutor$ScheduledFutureTask.run(ScheduledThreadPoolExecutor.java:294) [?:1.8.0_222-2-ojdkbuild]
	at java.util.concurrent.ThreadPoolExecutor.runWorker(ThreadPoolExecutor.java:1149) [?:1.8.0_222-2-ojdkbuild]
	at java.util.concurrent.ThreadPoolExecutor$Worker.run(ThreadPoolExecutor.java:624) [?:1.8.0_222-2-ojdkbuild]
	at java.lang.Thread.run(Thread.java:748) [?:1.8.0_222-2-ojdkbuild]
2020.12.22 13:42:16 org.jivesoftware.openfire.container.PluginMonitor - An unexpected exception occurred:
java.lang.NullPointerException: null
	at org.jivesoftware.openfire.container.PluginManager.unloadPlugin(PluginManager.java:973) ~[target/:?]
	at org.jivesoftware.openfire.container.PluginMonitor$MonitorTask.run(PluginMonitor.java:310) [target/:?]
	at java.util.concurrent.Executors$RunnableAdapter.call(Executors.java:511) [?:1.8.0_222-2-ojdkbuild]
	at java.util.concurrent.FutureTask.runAndReset(FutureTask.java:308) [?:1.8.0_222-2-ojdkbuild]
	at java.util.concurrent.ScheduledThreadPoolExecutor$ScheduledFutureTask.access$301(ScheduledThreadPoolExecutor.java:180) [?:1.8.0_222-2-ojdkbuild]
	at java.util.concurrent.ScheduledThreadPoolExecutor$ScheduledFutureTask.run(ScheduledThreadPoolExecutor.java:294) [?:1.8.0_222-2-ojdkbuild]
	at java.util.concurrent.ThreadPoolExecutor.runWorker(ThreadPoolExecutor.java:1149) [?:1.8.0_222-2-ojdkbuild]
	at java.util.concurrent.ThreadPoolExecutor$Worker.run(ThreadPoolExecutor.java:624) [?:1.8.0_222-2-ojdkbuild]
	at java.lang.Thread.run(Thread.java:748) [?:1.8.0_222-2-ojdkbuild]
2020.12.22 13:42:36 org.jivesoftware.openfire.container.PluginMonitor - An unexpected exception occurred:
java.lang.NullPointerException: null
	at org.jivesoftware.openfire.container.PluginManager.unloadPlugin(PluginManager.java:973) ~[target/:?]
	at org.jivesoftware.openfire.container.PluginMonitor$MonitorTask.run(PluginMonitor.java:310) [target/:?]
	at java.util.concurrent.Executors$RunnableAdapter.call(Executors.java:511) [?:1.8.0_222-2-ojdkbuild]
	at java.util.concurrent.FutureTask.runAndReset(FutureTask.java:308) [?:1.8.0_222-2-ojdkbuild]
	at java.util.concurrent.ScheduledThreadPoolExecutor$ScheduledFutureTask.access$301(ScheduledThreadPoolExecutor.java:180) [?:1.8.0_222-2-ojdkbuild]
	at java.util.concurrent.ScheduledThreadPoolExecutor$ScheduledFutureTask.run(ScheduledThreadPoolExecutor.java:294) [?:1.8.0_222-2-ojdkbuild]
	at java.util.concurrent.ThreadPoolExecutor.runWorker(ThreadPoolExecutor.java:1149) [?:1.8.0_222-2-ojdkbuild]
	at java.util.concurrent.ThreadPoolExecutor$Worker.run(ThreadPoolExecutor.java:624) [?:1.8.0_222-2-ojdkbuild]
	at java.lang.Thread.run(Thread.java:748) [?:1.8.0_222-2-ojdkbuild]
2020.12.22 13:42:56 org.jivesoftware.openfire.container.PluginMonitor - An unexpected exception occurred:
java.lang.NullPointerException: null
	at org.jivesoftware.openfire.container.PluginManager.unloadPlugin(PluginManager.java:973) ~[target/:?]
	at org.jivesoftware.openfire.container.PluginMonitor$MonitorTask.run(PluginMonitor.java:310) [target/:?]
	at java.util.concurrent.Executors$RunnableAdapter.call(Executors.java:511) [?:1.8.0_222-2-ojdkbuild]
	at java.util.concurrent.FutureTask.runAndReset(FutureTask.java:308) [?:1.8.0_222-2-ojdkbuild]
	at java.util.concurrent.ScheduledThreadPoolExecutor$ScheduledFutureTask.access$301(ScheduledThreadPoolExecutor.java:180) [?:1.8.0_222-2-ojdkbuild]
	at java.util.concurrent.ScheduledThreadPoolExecutor$ScheduledFutureTask.run(ScheduledThreadPoolExecutor.java:294) [?:1.8.0_222-2-ojdkbuild]
	at java.util.concurrent.ThreadPoolExecutor.runWorker(ThreadPoolExecutor.java:1149) [?:1.8.0_222-2-ojdkbuild]
	at java.util.concurrent.ThreadPoolExecutor$Worker.run(ThreadPoolExecutor.java:624) [?:1.8.0_222-2-ojdkbuild]
	at java.lang.Thread.run(Thread.java:748) [?:1.8.0_222-2-ojdkbuild]
2020.12.22 13:43:16 org.jivesoftware.openfire.container.PluginMonitor - An unexpected exception occurred:
java.lang.NullPointerException: null
	at org.jivesoftware.openfire.container.PluginManager.unloadPlugin(PluginManager.java:973) ~[target/:?]
	at org.jivesoftware.openfire.container.PluginMonitor$MonitorTask.run(PluginMonitor.java:310) [target/:?]
	at java.util.concurrent.Executors$RunnableAdapter.call(Executors.java:511) [?:1.8.0_222-2-ojdkbuild]
	at java.util.concurrent.FutureTask.runAndReset(FutureTask.java:308) [?:1.8.0_222-2-ojdkbuild]
	at java.util.concurrent.ScheduledThreadPoolExecutor$ScheduledFutureTask.access$301(ScheduledThreadPoolExecutor.java:180) [?:1.8.0_222-2-ojdkbuild]
	at java.util.concurrent.ScheduledThreadPoolExecutor$ScheduledFutureTask.run(ScheduledThreadPoolExecutor.java:294) [?:1.8.0_222-2-ojdkbuild]
	at java.util.concurrent.ThreadPoolExecutor.runWorker(ThreadPoolExecutor.java:1149) [?:1.8.0_222-2-ojdkbuild]
	at java.util.concurrent.ThreadPoolExecutor$Worker.run(ThreadPoolExecutor.java:624) [?:1.8.0_222-2-ojdkbuild]
	at java.lang.Thread.run(Thread.java:748) [?:1.8.0_222-2-ojdkbuild]
2020.12.22 13:43:36 org.jivesoftware.openfire.container.PluginMonitor - An unexpected exception occurred:
java.lang.NullPointerException: null
	at org.jivesoftware.openfire.container.PluginManager.unloadPlugin(PluginManager.java:973) ~[target/:?]
	at org.jivesoftware.openfire.container.PluginMonitor$MonitorTask.run(PluginMonitor.java:310) [target/:?]
	at java.util.concurrent.Executors$RunnableAdapter.call(Executors.java:511) [?:1.8.0_222-2-ojdkbuild]
	at java.util.concurrent.FutureTask.runAndReset(FutureTask.java:308) [?:1.8.0_222-2-ojdkbuild]
	at java.util.concurrent.ScheduledThreadPoolExecutor$ScheduledFutureTask.access$301(ScheduledThreadPoolExecutor.java:180) [?:1.8.0_222-2-ojdkbuild]
	at java.util.concurrent.ScheduledThreadPoolExecutor$ScheduledFutureTask.run(ScheduledThreadPoolExecutor.java:294) [?:1.8.0_222-2-ojdkbuild]
	at java.util.concurrent.ThreadPoolExecutor.runWorker(ThreadPoolExecutor.java:1149) [?:1.8.0_222-2-ojdkbuild]
	at java.util.concurrent.ThreadPoolExecutor$Worker.run(ThreadPoolExecutor.java:624) [?:1.8.0_222-2-ojdkbuild]
	at java.lang.Thread.run(Thread.java:748) [?:1.8.0_222-2-ojdkbuild]
2020.12.22 13:43:56 org.jivesoftware.openfire.container.PluginMonitor - An unexpected exception occurred:
java.lang.NullPointerException: null
	at org.jivesoftware.openfire.container.PluginManager.unloadPlugin(PluginManager.java:973) ~[target/:?]
	at org.jivesoftware.openfire.container.PluginMonitor$MonitorTask.run(PluginMonitor.java:310) [target/:?]
	at java.util.concurrent.Executors$RunnableAdapter.call(Executors.java:511) [?:1.8.0_222-2-ojdkbuild]
	at java.util.concurrent.FutureTask.runAndReset(FutureTask.java:308) [?:1.8.0_222-2-ojdkbuild]
	at java.util.concurrent.ScheduledThreadPoolExecutor$ScheduledFutureTask.access$301(ScheduledThreadPoolExecutor.java:180) [?:1.8.0_222-2-ojdkbuild]
	at java.util.concurrent.ScheduledThreadPoolExecutor$ScheduledFutureTask.run(ScheduledThreadPoolExecutor.java:294) [?:1.8.0_222-2-ojdkbuild]
	at java.util.concurrent.ThreadPoolExecutor.runWorker(ThreadPoolExecutor.java:1149) [?:1.8.0_222-2-ojdkbuild]
	at java.util.concurrent.ThreadPoolExecutor$Worker.run(ThreadPoolExecutor.java:624) [?:1.8.0_222-2-ojdkbuild]
	at java.lang.Thread.run(Thread.java:748) [?:1.8.0_222-2-ojdkbuild]
2020.12.22 13:44:16 org.jivesoftware.openfire.container.PluginMonitor - An unexpected exception occurred:
java.lang.NullPointerException: null
	at org.jivesoftware.openfire.container.PluginManager.unloadPlugin(PluginManager.java:973) ~[target/:?]
	at org.jivesoftware.openfire.container.PluginMonitor$MonitorTask.run(PluginMonitor.java:310) [target/:?]
	at java.util.concurrent.Executors$RunnableAdapter.call(Executors.java:511) [?:1.8.0_222-2-ojdkbuild]
	at java.util.concurrent.FutureTask.runAndReset(FutureTask.java:308) [?:1.8.0_222-2-ojdkbuild]
	at java.util.concurrent.ScheduledThreadPoolExecutor$ScheduledFutureTask.access$301(ScheduledThreadPoolExecutor.java:180) [?:1.8.0_222-2-ojdkbuild]
	at java.util.concurrent.ScheduledThreadPoolExecutor$ScheduledFutureTask.run(ScheduledThreadPoolExecutor.java:294) [?:1.8.0_222-2-ojdkbuild]
	at java.util.concurrent.ThreadPoolExecutor.runWorker(ThreadPoolExecutor.java:1149) [?:1.8.0_222-2-ojdkbuild]
	at java.util.concurrent.ThreadPoolExecutor$Worker.run(ThreadPoolExecutor.java:624) [?:1.8.0_222-2-ojdkbuild]
	at java.lang.Thread.run(Thread.java:748) [?:1.8.0_222-2-ojdkbuild]
2020.12.22 13:44:36 org.jivesoftware.openfire.container.PluginMonitor - An unexpected exception occurred:
java.lang.NullPointerException: null
	at org.jivesoftware.openfire.container.PluginManager.unloadPlugin(PluginManager.java:973) ~[target/:?]
	at org.jivesoftware.openfire.container.PluginMonitor$MonitorTask.run(PluginMonitor.java:310) [target/:?]
	at java.util.concurrent.Executors$RunnableAdapter.call(Executors.java:511) [?:1.8.0_222-2-ojdkbuild]
	at java.util.concurrent.FutureTask.runAndReset(FutureTask.java:308) [?:1.8.0_222-2-ojdkbuild]
	at java.util.concurrent.ScheduledThreadPoolExecutor$ScheduledFutureTask.access$301(ScheduledThreadPoolExecutor.java:180) [?:1.8.0_222-2-ojdkbuild]
	at java.util.concurrent.ScheduledThreadPoolExecutor$ScheduledFutureTask.run(ScheduledThreadPoolExecutor.java:294) [?:1.8.0_222-2-ojdkbuild]
	at java.util.concurrent.ThreadPoolExecutor.runWorker(ThreadPoolExecutor.java:1149) [?:1.8.0_222-2-ojdkbuild]
	at java.util.concurrent.ThreadPoolExecutor$Worker.run(ThreadPoolExecutor.java:624) [?:1.8.0_222-2-ojdkbuild]
	at java.lang.Thread.run(Thread.java:748) [?:1.8.0_222-2-ojdkbuild]
2020.12.22 13:44:56 org.jivesoftware.openfire.container.PluginMonitor - An unexpected exception occurred:
java.lang.NullPointerException: null
	at org.jivesoftware.openfire.container.PluginManager.unloadPlugin(PluginManager.java:973) ~[target/:?]
	at org.jivesoftware.openfire.container.PluginMonitor$MonitorTask.run(PluginMonitor.java:310) [target/:?]
	at java.util.concurrent.Executors$RunnableAdapter.call(Executors.java:511) [?:1.8.0_222-2-ojdkbuild]
	at java.util.concurrent.FutureTask.runAndReset(FutureTask.java:308) [?:1.8.0_222-2-ojdkbuild]
	at java.util.concurrent.ScheduledThreadPoolExecutor$ScheduledFutureTask.access$301(ScheduledThreadPoolExecutor.java:180) [?:1.8.0_222-2-ojdkbuild]
	at java.util.concurrent.ScheduledThreadPoolExecutor$ScheduledFutureTask.run(ScheduledThreadPoolExecutor.java:294) [?:1.8.0_222-2-ojdkbuild]
	at java.util.concurrent.ThreadPoolExecutor.runWorker(ThreadPoolExecutor.java:1149) [?:1.8.0_222-2-ojdkbuild]
	at java.util.concurrent.ThreadPoolExecutor$Worker.run(ThreadPoolExecutor.java:624) [?:1.8.0_222-2-ojdkbuild]
	at java.lang.Thread.run(Thread.java:748) [?:1.8.0_222-2-ojdkbuild]
2020.12.22 13:45:16 org.jivesoftware.openfire.container.PluginMonitor - An unexpected exception occurred:
java.lang.NullPointerException: null
	at org.jivesoftware.openfire.container.PluginManager.unloadPlugin(PluginManager.java:973) ~[target/:?]
	at org.jivesoftware.openfire.container.PluginMonitor$MonitorTask.run(PluginMonitor.java:310) [target/:?]
	at java.util.concurrent.Executors$RunnableAdapter.call(Executors.java:511) [?:1.8.0_222-2-ojdkbuild]
	at java.util.concurrent.FutureTask.runAndReset(FutureTask.java:308) [?:1.8.0_222-2-ojdkbuild]
	at java.util.concurrent.ScheduledThreadPoolExecutor$ScheduledFutureTask.access$301(ScheduledThreadPoolExecutor.java:180) [?:1.8.0_222-2-ojdkbuild]
	at java.util.concurrent.ScheduledThreadPoolExecutor$ScheduledFutureTask.run(ScheduledThreadPoolExecutor.java:294) [?:1.8.0_222-2-ojdkbuild]
	at java.util.concurrent.ThreadPoolExecutor.runWorker(ThreadPoolExecutor.java:1149) [?:1.8.0_222-2-ojdkbuild]
	at java.util.concurrent.ThreadPoolExecutor$Worker.run(ThreadPoolExecutor.java:624) [?:1.8.0_222-2-ojdkbuild]
	at java.lang.Thread.run(Thread.java:748) [?:1.8.0_222-2-ojdkbuild]
2020.12.22 13:45:36 org.jivesoftware.openfire.container.PluginMonitor - An unexpected exception occurred:
java.lang.NullPointerException: null
	at org.jivesoftware.openfire.container.PluginManager.unloadPlugin(PluginManager.java:973) ~[target/:?]
	at org.jivesoftware.openfire.container.PluginMonitor$MonitorTask.run(PluginMonitor.java:310) [target/:?]
	at java.util.concurrent.Executors$RunnableAdapter.call(Executors.java:511) [?:1.8.0_222-2-ojdkbuild]
	at java.util.concurrent.FutureTask.runAndReset(FutureTask.java:308) [?:1.8.0_222-2-ojdkbuild]
	at java.util.concurrent.ScheduledThreadPoolExecutor$ScheduledFutureTask.access$301(ScheduledThreadPoolExecutor.java:180) [?:1.8.0_222-2-ojdkbuild]
	at java.util.concurrent.ScheduledThreadPoolExecutor$ScheduledFutureTask.run(ScheduledThreadPoolExecutor.java:294) [?:1.8.0_222-2-ojdkbuild]
	at java.util.concurrent.ThreadPoolExecutor.runWorker(ThreadPoolExecutor.java:1149) [?:1.8.0_222-2-ojdkbuild]
	at java.util.concurrent.ThreadPoolExecutor$Worker.run(ThreadPoolExecutor.java:624) [?:1.8.0_222-2-ojdkbuild]
	at java.lang.Thread.run(Thread.java:748) [?:1.8.0_222-2-ojdkbuild]
2020.12.22 13:45:56 org.jivesoftware.openfire.container.PluginMonitor - An unexpected exception occurred:
java.lang.NullPointerException: null
	at org.jivesoftware.openfire.container.PluginManager.unloadPlugin(PluginManager.java:973) ~[target/:?]
	at org.jivesoftware.openfire.container.PluginMonitor$MonitorTask.run(PluginMonitor.java:310) [target/:?]
	at java.util.concurrent.Executors$RunnableAdapter.call(Executors.java:511) [?:1.8.0_222-2-ojdkbuild]
	at java.util.concurrent.FutureTask.runAndReset(FutureTask.java:308) [?:1.8.0_222-2-ojdkbuild]
	at java.util.concurrent.ScheduledThreadPoolExecutor$ScheduledFutureTask.access$301(ScheduledThreadPoolExecutor.java:180) [?:1.8.0_222-2-ojdkbuild]
	at java.util.concurrent.ScheduledThreadPoolExecutor$ScheduledFutureTask.run(ScheduledThreadPoolExecutor.java:294) [?:1.8.0_222-2-ojdkbuild]
	at java.util.concurrent.ThreadPoolExecutor.runWorker(ThreadPoolExecutor.java:1149) [?:1.8.0_222-2-ojdkbuild]
	at java.util.concurrent.ThreadPoolExecutor$Worker.run(ThreadPoolExecutor.java:624) [?:1.8.0_222-2-ojdkbuild]
	at java.lang.Thread.run(Thread.java:748) [?:1.8.0_222-2-ojdkbuild]
2020.12.22 13:46:10 org.jivesoftware.openfire.container.PluginMonitor - An unexpected exception occurred:
java.lang.NullPointerException: null
	at org.jivesoftware.openfire.container.PluginManager.unloadPlugin(PluginManager.java:973) ~[target/:?]
	at org.jivesoftware.openfire.container.PluginMonitor$MonitorTask.run(PluginMonitor.java:310) [target/:?]
	at java.util.concurrent.Executors$RunnableAdapter.call(Executors.java:511) [?:1.8.0_222-2-ojdkbuild]
	at java.util.concurrent.FutureTask.runAndReset(FutureTask.java:308) [?:1.8.0_222-2-ojdkbuild]
	at java.util.concurrent.ScheduledThreadPoolExecutor$ScheduledFutureTask.access$301(ScheduledThreadPoolExecutor.java:180) [?:1.8.0_222-2-ojdkbuild]
	at java.util.concurrent.ScheduledThreadPoolExecutor$ScheduledFutureTask.run(ScheduledThreadPoolExecutor.java:294) [?:1.8.0_222-2-ojdkbuild]
	at java.util.concurrent.ThreadPoolExecutor.runWorker(ThreadPoolExecutor.java:1149) [?:1.8.0_222-2-ojdkbuild]
	at java.util.concurrent.ThreadPoolExecutor$Worker.run(ThreadPoolExecutor.java:624) [?:1.8.0_222-2-ojdkbuild]
	at java.lang.Thread.run(Thread.java:748) [?:1.8.0_222-2-ojdkbuild]
2020.12.22 13:46:30 org.jivesoftware.openfire.container.PluginMonitor - An unexpected exception occurred:
java.lang.NullPointerException: null
	at org.jivesoftware.openfire.container.PluginManager.unloadPlugin(PluginManager.java:973) ~[target/:?]
	at org.jivesoftware.openfire.container.PluginMonitor$MonitorTask.run(PluginMonitor.java:310) [target/:?]
	at java.util.concurrent.Executors$RunnableAdapter.call(Executors.java:511) [?:1.8.0_222-2-ojdkbuild]
	at java.util.concurrent.FutureTask.runAndReset(FutureTask.java:308) [?:1.8.0_222-2-ojdkbuild]
	at java.util.concurrent.ScheduledThreadPoolExecutor$ScheduledFutureTask.access$301(ScheduledThreadPoolExecutor.java:180) [?:1.8.0_222-2-ojdkbuild]
	at java.util.concurrent.ScheduledThreadPoolExecutor$ScheduledFutureTask.run(ScheduledThreadPoolExecutor.java:294) [?:1.8.0_222-2-ojdkbuild]
	at java.util.concurrent.ThreadPoolExecutor.runWorker(ThreadPoolExecutor.java:1149) [?:1.8.0_222-2-ojdkbuild]
	at java.util.concurrent.ThreadPoolExecutor$Worker.run(ThreadPoolExecutor.java:624) [?:1.8.0_222-2-ojdkbuild]
	at java.lang.Thread.run(Thread.java:748) [?:1.8.0_222-2-ojdkbuild]
2020.12.22 13:46:50 org.jivesoftware.openfire.container.PluginMonitor - An unexpected exception occurred:
java.lang.NullPointerException: null
	at org.jivesoftware.openfire.container.PluginManager.unloadPlugin(PluginManager.java:973) ~[target/:?]
	at org.jivesoftware.openfire.container.PluginMonitor$MonitorTask.run(PluginMonitor.java:310) [target/:?]
	at java.util.concurrent.Executors$RunnableAdapter.call(Executors.java:511) [?:1.8.0_222-2-ojdkbuild]
	at java.util.concurrent.FutureTask.runAndReset(FutureTask.java:308) [?:1.8.0_222-2-ojdkbuild]
	at java.util.concurrent.ScheduledThreadPoolExecutor$ScheduledFutureTask.access$301(ScheduledThreadPoolExecutor.java:180) [?:1.8.0_222-2-ojdkbuild]
	at java.util.concurrent.ScheduledThreadPoolExecutor$ScheduledFutureTask.run(ScheduledThreadPoolExecutor.java:294) [?:1.8.0_222-2-ojdkbuild]
	at java.util.concurrent.ThreadPoolExecutor.runWorker(ThreadPoolExecutor.java:1149) [?:1.8.0_222-2-ojdkbuild]
	at java.util.concurrent.ThreadPoolExecutor$Worker.run(ThreadPoolExecutor.java:624) [?:1.8.0_222-2-ojdkbuild]
	at java.lang.Thread.run(Thread.java:748) [?:1.8.0_222-2-ojdkbuild]
2020.12.22 13:50:34 org.jivesoftware.openfire.container.PluginMonitor - An unexpected exception occurred:
java.lang.NullPointerException: null
	at org.jivesoftware.openfire.container.PluginManager.unloadPlugin(PluginManager.java:973) ~[target/:?]
	at org.jivesoftware.openfire.container.PluginMonitor$MonitorTask.run(PluginMonitor.java:310) [target/:?]
	at java.util.concurrent.Executors$RunnableAdapter.call(Executors.java:511) [?:1.8.0_222-2-ojdkbuild]
	at java.util.concurrent.FutureTask.runAndReset(FutureTask.java:308) [?:1.8.0_222-2-ojdkbuild]
	at java.util.concurrent.ScheduledThreadPoolExecutor$ScheduledFutureTask.access$301(ScheduledThreadPoolExecutor.java:180) [?:1.8.0_222-2-ojdkbuild]
	at java.util.concurrent.ScheduledThreadPoolExecutor$ScheduledFutureTask.run(ScheduledThreadPoolExecutor.java:294) [?:1.8.0_222-2-ojdkbuild]
	at java.util.concurrent.ThreadPoolExecutor.runWorker(ThreadPoolExecutor.java:1149) [?:1.8.0_222-2-ojdkbuild]
	at java.util.concurrent.ThreadPoolExecutor$Worker.run(ThreadPoolExecutor.java:624) [?:1.8.0_222-2-ojdkbuild]
	at java.lang.Thread.run(Thread.java:748) [?:1.8.0_222-2-ojdkbuild]
2020.12.22 13:50:55 org.jivesoftware.openfire.container.PluginMonitor - An unexpected exception occurred:
java.lang.NullPointerException: null
	at org.jivesoftware.openfire.container.PluginManager.unloadPlugin(PluginManager.java:973) ~[target/:?]
	at org.jivesoftware.openfire.container.PluginMonitor$MonitorTask.run(PluginMonitor.java:310) [target/:?]
	at java.util.concurrent.Executors$RunnableAdapter.call(Executors.java:511) [?:1.8.0_222-2-ojdkbuild]
	at java.util.concurrent.FutureTask.runAndReset(FutureTask.java:308) [?:1.8.0_222-2-ojdkbuild]
	at java.util.concurrent.ScheduledThreadPoolExecutor$ScheduledFutureTask.access$301(ScheduledThreadPoolExecutor.java:180) [?:1.8.0_222-2-ojdkbuild]
	at java.util.concurrent.ScheduledThreadPoolExecutor$ScheduledFutureTask.run(ScheduledThreadPoolExecutor.java:294) [?:1.8.0_222-2-ojdkbuild]
	at java.util.concurrent.ThreadPoolExecutor.runWorker(ThreadPoolExecutor.java:1149) [?:1.8.0_222-2-ojdkbuild]
	at java.util.concurrent.ThreadPoolExecutor$Worker.run(ThreadPoolExecutor.java:624) [?:1.8.0_222-2-ojdkbuild]
	at java.lang.Thread.run(Thread.java:748) [?:1.8.0_222-2-ojdkbuild]
2020.12.22 13:51:54 org.jivesoftware.openfire.container.PluginManager - An exception occurred while loading plugin 'client':
java.lang.NullPointerException: null
	at org.jivesoftware.openfire.container.ClientPlugin.deleteLegacyWebInfLibFolder(ClientPlugin.java:179) ~[target/:?]
	at org.jivesoftware.openfire.container.ClientPlugin.startup(ClientPlugin.java:68) ~[target/:?]
	at org.jivesoftware.openfire.container.ClientPlugin.initializePlugin(ClientPlugin.java:340) ~[target/:?]
	at org.jivesoftware.openfire.container.PluginManager.loadPlugin(PluginManager.java:683) [target/:?]
	at org.jivesoftware.openfire.container.PluginMonitor$MonitorTask$4.call(PluginMonitor.java:375) [target/:?]
	at org.jivesoftware.openfire.container.PluginMonitor$MonitorTask$4.call(PluginMonitor.java:1) [target/:?]
	at java.util.concurrent.FutureTask.run(FutureTask.java:266) [?:1.8.0_222-2-ojdkbuild]
	at java.util.concurrent.ThreadPoolExecutor.runWorker(ThreadPoolExecutor.java:1149) [?:1.8.0_222-2-ojdkbuild]
	at java.util.concurrent.ThreadPoolExecutor$Worker.run(ThreadPoolExecutor.java:624) [?:1.8.0_222-2-ojdkbuild]
	at java.lang.Thread.run(Thread.java:748) [?:1.8.0_222-2-ojdkbuild]
2020.12.22 13:56:05 org.jivesoftware.openfire.container.PluginManager - An exception occurred while loading plugin 'client':
java.lang.NullPointerException: null
	at org.jivesoftware.openfire.container.ClientPlugin.deleteLegacyWebInfLibFolder(ClientPlugin.java:179) ~[target/:?]
	at org.jivesoftware.openfire.container.ClientPlugin.startup(ClientPlugin.java:68) ~[target/:?]
	at org.jivesoftware.openfire.container.ClientPlugin.initializePlugin(ClientPlugin.java:340) ~[target/:?]
	at org.jivesoftware.openfire.container.PluginManager.loadPlugin(PluginManager.java:683) [target/:?]
	at org.jivesoftware.openfire.container.PluginMonitor$MonitorTask$4.call(PluginMonitor.java:375) [target/:?]
	at org.jivesoftware.openfire.container.PluginMonitor$MonitorTask$4.call(PluginMonitor.java:1) [target/:?]
	at java.util.concurrent.FutureTask.run(FutureTask.java:266) [?:1.8.0_222-2-ojdkbuild]
	at java.util.concurrent.ThreadPoolExecutor.runWorker(ThreadPoolExecutor.java:1149) [?:1.8.0_222-2-ojdkbuild]
	at java.util.concurrent.ThreadPoolExecutor$Worker.run(ThreadPoolExecutor.java:624) [?:1.8.0_222-2-ojdkbuild]
	at java.lang.Thread.run(Thread.java:748) [?:1.8.0_222-2-ojdkbuild]
2020.12.22 13:56:34 org.jivesoftware.openfire.container.PluginManager - An exception occurred while loading plugin 'client':
java.lang.NullPointerException: null
	at org.jivesoftware.openfire.container.ClientPlugin.deleteLegacyWebInfLibFolder(ClientPlugin.java:179) ~[target/:?]
	at org.jivesoftware.openfire.container.ClientPlugin.startup(ClientPlugin.java:68) ~[target/:?]
	at org.jivesoftware.openfire.container.ClientPlugin.initializePlugin(ClientPlugin.java:340) ~[target/:?]
	at org.jivesoftware.openfire.container.PluginManager.loadPlugin(PluginManager.java:683) [target/:?]
	at org.jivesoftware.openfire.container.PluginMonitor$MonitorTask$4.call(PluginMonitor.java:375) [target/:?]
	at org.jivesoftware.openfire.container.PluginMonitor$MonitorTask$4.call(PluginMonitor.java:1) [target/:?]
	at java.util.concurrent.FutureTask.run(FutureTask.java:266) [?:1.8.0_222-2-ojdkbuild]
	at java.util.concurrent.ThreadPoolExecutor.runWorker(ThreadPoolExecutor.java:1149) [?:1.8.0_222-2-ojdkbuild]
	at java.util.concurrent.ThreadPoolExecutor$Worker.run(ThreadPoolExecutor.java:624) [?:1.8.0_222-2-ojdkbuild]
	at java.lang.Thread.run(Thread.java:748) [?:1.8.0_222-2-ojdkbuild]
2020.12.22 14:01:26 org.jivesoftware.openfire.container.PluginManager - An exception occurred while loading plugin 'client':
java.lang.NullPointerException: null
	at org.jivesoftware.openfire.container.ClientPlugin.deleteLegacyWebInfLibFolder(ClientPlugin.java:179) ~[target/:?]
	at org.jivesoftware.openfire.container.ClientPlugin.startup(ClientPlugin.java:68) ~[target/:?]
	at org.jivesoftware.openfire.container.ClientPlugin.initializePlugin(ClientPlugin.java:340) ~[target/:?]
	at org.jivesoftware.openfire.container.PluginManager.loadPlugin(PluginManager.java:683) [target/:?]
	at org.jivesoftware.openfire.container.PluginMonitor$MonitorTask$4.call(PluginMonitor.java:375) [target/:?]
	at org.jivesoftware.openfire.container.PluginMonitor$MonitorTask$4.call(PluginMonitor.java:1) [target/:?]
	at java.util.concurrent.FutureTask.run(FutureTask.java:266) [?:1.8.0_222-2-ojdkbuild]
	at java.util.concurrent.ThreadPoolExecutor.runWorker(ThreadPoolExecutor.java:1149) [?:1.8.0_222-2-ojdkbuild]
	at java.util.concurrent.ThreadPoolExecutor$Worker.run(ThreadPoolExecutor.java:624) [?:1.8.0_222-2-ojdkbuild]
	at java.lang.Thread.run(Thread.java:748) [?:1.8.0_222-2-ojdkbuild]
2020.12.22 14:01:40 org.jivesoftware.openfire.container.PluginManager - An exception occurred while loading plugin 'client':
java.lang.NullPointerException: null
	at org.jivesoftware.openfire.container.ClientPlugin.deleteLegacyWebInfLibFolder(ClientPlugin.java:179) ~[target/:?]
	at org.jivesoftware.openfire.container.ClientPlugin.startup(ClientPlugin.java:68) ~[target/:?]
	at org.jivesoftware.openfire.container.ClientPlugin.initializePlugin(ClientPlugin.java:340) ~[target/:?]
	at org.jivesoftware.openfire.container.PluginManager.loadPlugin(PluginManager.java:683) [target/:?]
	at org.jivesoftware.openfire.container.PluginMonitor$MonitorTask$4.call(PluginMonitor.java:375) [target/:?]
	at org.jivesoftware.openfire.container.PluginMonitor$MonitorTask$4.call(PluginMonitor.java:1) [target/:?]
	at java.util.concurrent.FutureTask.run(FutureTask.java:266) [?:1.8.0_222-2-ojdkbuild]
	at java.util.concurrent.ThreadPoolExecutor.runWorker(ThreadPoolExecutor.java:1149) [?:1.8.0_222-2-ojdkbuild]
	at java.util.concurrent.ThreadPoolExecutor$Worker.run(ThreadPoolExecutor.java:624) [?:1.8.0_222-2-ojdkbuild]
	at java.lang.Thread.run(Thread.java:748) [?:1.8.0_222-2-ojdkbuild]
2020.12.22 14:35:32 org.jivesoftware.openfire.http.HttpBindManager - Error starting HTTP bind service
java.io.IOException: Failed to bind to 0.0.0.0/0.0.0.0:7443
	at org.eclipse.jetty.server.ServerConnector.openAcceptChannel(ServerConnector.java:349) ~[jetty-server-9.4.31.v20200723.jar:9.4.31.v20200723]
	at org.eclipse.jetty.server.ServerConnector.open(ServerConnector.java:310) ~[jetty-server-9.4.31.v20200723.jar:9.4.31.v20200723]
	at org.eclipse.jetty.server.AbstractNetworkConnector.doStart(AbstractNetworkConnector.java:80) ~[jetty-server-9.4.31.v20200723.jar:9.4.31.v20200723]
	at org.eclipse.jetty.server.ServerConnector.doStart(ServerConnector.java:234) ~[jetty-server-9.4.31.v20200723.jar:9.4.31.v20200723]
	at org.eclipse.jetty.util.component.AbstractLifeCycle.start(AbstractLifeCycle.java:72) ~[jetty-util-9.4.31.v20200723.jar:9.4.31.v20200723]
	at org.eclipse.jetty.server.Server.doStart(Server.java:386) ~[jetty-server-9.4.31.v20200723.jar:9.4.31.v20200723]
	at org.eclipse.jetty.util.component.AbstractLifeCycle.start(AbstractLifeCycle.java:72) ~[jetty-util-9.4.31.v20200723.jar:9.4.31.v20200723]
	at org.jivesoftware.openfire.http.HttpBindManager.start(HttpBindManager.java:238) [target/:?]
	at org.jivesoftware.openfire.spi.ConnectionManagerImpl.startListeners(ConnectionManagerImpl.java:327) [target/:?]
	at org.jivesoftware.openfire.spi.ConnectionManagerImpl.access$1(ConnectionManagerImpl.java:288) [target/:?]
	at org.jivesoftware.openfire.spi.ConnectionManagerImpl$1.pluginsMonitored(ConnectionManagerImpl.java:304) [target/:?]
	at org.jivesoftware.openfire.container.PluginManager.firePluginsMonitored(PluginManager.java:1385) [target/:?]
	at org.jivesoftware.openfire.container.PluginManager.firePluginsMonitored(PluginManager.java:1378) [target/:?]
	at org.jivesoftware.openfire.container.PluginMonitor$MonitorTask.run(PluginMonitor.java:422) [target/:?]
	at java.util.concurrent.Executors$RunnableAdapter.call(Executors.java:511) [?:1.8.0_222-2-ojdkbuild]
	at java.util.concurrent.FutureTask.runAndReset(FutureTask.java:308) [?:1.8.0_222-2-ojdkbuild]
	at java.util.concurrent.ScheduledThreadPoolExecutor$ScheduledFutureTask.access$301(ScheduledThreadPoolExecutor.java:180) [?:1.8.0_222-2-ojdkbuild]
	at java.util.concurrent.ScheduledThreadPoolExecutor$ScheduledFutureTask.run(ScheduledThreadPoolExecutor.java:294) [?:1.8.0_222-2-ojdkbuild]
	at java.util.concurrent.ThreadPoolExecutor.runWorker(ThreadPoolExecutor.java:1149) [?:1.8.0_222-2-ojdkbuild]
	at java.util.concurrent.ThreadPoolExecutor$Worker.run(ThreadPoolExecutor.java:624) [?:1.8.0_222-2-ojdkbuild]
	at java.lang.Thread.run(Thread.java:748) [?:1.8.0_222-2-ojdkbuild]
Caused by: java.net.BindException: Address already in use: bind
	at sun.nio.ch.Net.bind0(Native Method) ~[?:1.8.0_222-2-ojdkbuild]
	at sun.nio.ch.Net.bind(Net.java:433) ~[?:1.8.0_222-2-ojdkbuild]
	at sun.nio.ch.Net.bind(Net.java:425) ~[?:1.8.0_222-2-ojdkbuild]
	at sun.nio.ch.ServerSocketChannelImpl.bind(ServerSocketChannelImpl.java:223) ~[?:1.8.0_222-2-ojdkbuild]
	at sun.nio.ch.ServerSocketAdaptor.bind(ServerSocketAdaptor.java:74) ~[?:1.8.0_222-2-ojdkbuild]
	at org.eclipse.jetty.server.ServerConnector.openAcceptChannel(ServerConnector.java:345) ~[jetty-server-9.4.31.v20200723.jar:9.4.31.v20200723]
	... 20 more
2020.12.22 15:37:01 org.jivesoftware.client.ClientServlet - [Ljava.lang.StackTraceElement;@59d326d4
2020.12.23 10:44:06 org.jivesoftware.openfire.container.PluginManager - An exception occurred while loading plugin 'client':
java.lang.ExceptionInInitializerError: null
	at org.jivesoftware.smack.Smack.getVersion(Smack.java:36) ~[smack-core-4.4.0.jar:4.4.0]
	at org.jivesoftware.smack.Smack.ensureInitialized(Smack.java:50) ~[smack-core-4.4.0.jar:4.4.0]
	at org.jivesoftware.smack.ConnectionConfiguration.<clinit>(ConnectionConfiguration.java:115) ~[smack-core-4.4.0.jar:4.4.0]
	at org.jivesoftware.openfire.container.ClientPlugin.createWebAppContext(ClientPlugin.java:296) ~[target/:?]
	at org.jivesoftware.openfire.container.ClientPlugin.startup(ClientPlugin.java:150) ~[target/:?]
	at org.jivesoftware.openfire.container.ClientPlugin.initializePlugin(ClientPlugin.java:343) ~[target/:?]
	at org.jivesoftware.openfire.container.PluginManager.loadPlugin(PluginManager.java:683) [target/:?]
	at org.jivesoftware.openfire.container.PluginMonitor$MonitorTask$4.call(PluginMonitor.java:375) [target/:?]
	at org.jivesoftware.openfire.container.PluginMonitor$MonitorTask$4.call(PluginMonitor.java:1) [target/:?]
	at java.util.concurrent.FutureTask.run(FutureTask.java:266) [?:1.8.0_271]
	at java.util.concurrent.ThreadPoolExecutor.runWorker(ThreadPoolExecutor.java:1149) [?:1.8.0_271]
	at java.util.concurrent.ThreadPoolExecutor$Worker.run(ThreadPoolExecutor.java:624) [?:1.8.0_271]
	at java.lang.Thread.run(Thread.java:748) [?:1.8.0_271]
Caused by: java.lang.IllegalStateException: Could not parse Smack configuration file
	at org.jivesoftware.smack.SmackInitialization.<clinit>(SmackInitialization.java:106) ~[smack-core-4.4.0.jar:4.4.0]
	... 13 more
Caused by: java.lang.IllegalStateException: No XmlPullParserFactory registered with Service Provider Interface (SPI). Is smack-xmlparser-xpp3 or smack-xmlparser-stax in classpath?
	at org.jivesoftware.smack.xml.SmackXmlParser.getXmlPullParserFactory(SmackXmlParser.java:34) ~[smack-xmlparser-4.4.0.jar:4.4.0]
	at org.jivesoftware.smack.xml.SmackXmlParser.newXmlParser(SmackXmlParser.java:54) ~[smack-xmlparser-4.4.0.jar:4.4.0]
	at org.jivesoftware.smack.util.PacketParserUtils.getParserFor(PacketParserUtils.java:80) ~[smack-core-4.4.0.jar:4.4.0]
	at org.jivesoftware.smack.SmackInitialization.processConfigFile(SmackInitialization.java:159) ~[smack-core-4.4.0.jar:4.4.0]
	at org.jivesoftware.smack.SmackInitialization.processConfigFile(SmackInitialization.java:154) ~[smack-core-4.4.0.jar:4.4.0]
	at org.jivesoftware.smack.SmackInitialization.<clinit>(SmackInitialization.java:103) ~[smack-core-4.4.0.jar:4.4.0]
	... 13 more
2020.12.23 10:47:52 org.jivesoftware.openfire.container.PluginManager - An exception occurred while loading plugin 'client':
java.lang.NoClassDefFoundError: org/jivesoftware/smack/xml/SmackXmlParser
	at org.jivesoftware.smack.util.PacketParserUtils.getParserFor(PacketParserUtils.java:80) ~[smack-core-4.4.0.jar:4.4.0]
	at org.jivesoftware.smack.SmackInitialization.processConfigFile(SmackInitialization.java:159) ~[smack-core-4.4.0.jar:4.4.0]
	at org.jivesoftware.smack.SmackInitialization.processConfigFile(SmackInitialization.java:154) ~[smack-core-4.4.0.jar:4.4.0]
	at org.jivesoftware.smack.SmackInitialization.<clinit>(SmackInitialization.java:103) ~[smack-core-4.4.0.jar:4.4.0]
	at org.jivesoftware.smack.Smack.getVersion(Smack.java:36) ~[smack-core-4.4.0.jar:4.4.0]
	at org.jivesoftware.smack.Smack.ensureInitialized(Smack.java:50) ~[smack-core-4.4.0.jar:4.4.0]
	at org.jivesoftware.smack.ConnectionConfiguration.<clinit>(ConnectionConfiguration.java:115) ~[smack-core-4.4.0.jar:4.4.0]
	at org.jivesoftware.openfire.container.ClientPlugin.createWebAppContext(ClientPlugin.java:296) ~[target/:?]
	at org.jivesoftware.openfire.container.ClientPlugin.startup(ClientPlugin.java:150) ~[target/:?]
	at org.jivesoftware.openfire.container.ClientPlugin.initializePlugin(ClientPlugin.java:343) ~[target/:?]
	at org.jivesoftware.openfire.container.PluginManager.loadPlugin(PluginManager.java:683) [target/:?]
	at org.jivesoftware.openfire.container.PluginMonitor$MonitorTask$4.call(PluginMonitor.java:375) [target/:?]
	at org.jivesoftware.openfire.container.PluginMonitor$MonitorTask$4.call(PluginMonitor.java:1) [target/:?]
	at java.util.concurrent.FutureTask.run(FutureTask.java:266) [?:1.8.0_271]
	at java.util.concurrent.ThreadPoolExecutor.runWorker(ThreadPoolExecutor.java:1149) [?:1.8.0_271]
	at java.util.concurrent.ThreadPoolExecutor$Worker.run(ThreadPoolExecutor.java:624) [?:1.8.0_271]
	at java.lang.Thread.run(Thread.java:748) [?:1.8.0_271]
Caused by: java.lang.ClassNotFoundException: org.jivesoftware.smack.xml.SmackXmlParser
	at java.net.URLClassLoader.findClass(URLClassLoader.java:382) ~[?:1.8.0_271]
	at java.lang.ClassLoader.loadClass(ClassLoader.java:418) ~[?:1.8.0_271]
	at sun.misc.Launcher$AppClassLoader.loadClass(Launcher.java:355) ~[?:1.8.0_271]
	at java.lang.ClassLoader.loadClass(ClassLoader.java:351) ~[?:1.8.0_271]
	... 17 more
2020.12.23 10:50:06 org.jivesoftware.openfire.container.PluginManager - An exception occurred while loading plugin 'client':
java.lang.NoClassDefFoundError: org/jivesoftware/smack/sm/StreamManagementModuleDescriptor
	at org.jivesoftware.smack.tcp.TCPInitializer.<clinit>(TCPInitializer.java:26) ~[smack-tcp-4.4.0.jar:4.4.0]
	at java.lang.Class.forName0(Native Method) ~[?:1.8.0_271]
	at java.lang.Class.forName(Class.java:348) ~[?:1.8.0_271]
	at org.jivesoftware.smack.SmackInitialization.loadSmackClass(SmackInitialization.java:210) ~[smack-core-4.4.0.jar:4.4.0]
	at org.jivesoftware.smack.SmackInitialization.parseClassesToLoad(SmackInitialization.java:190) ~[smack-core-4.4.0.jar:4.4.0]
	at org.jivesoftware.smack.SmackInitialization.processConfigFile(SmackInitialization.java:167) ~[smack-core-4.4.0.jar:4.4.0]
	at org.jivesoftware.smack.SmackInitialization.processConfigFile(SmackInitialization.java:154) ~[smack-core-4.4.0.jar:4.4.0]
	at org.jivesoftware.smack.SmackInitialization.<clinit>(SmackInitialization.java:103) ~[smack-core-4.4.0.jar:4.4.0]
	at org.jivesoftware.smack.Smack.getVersion(Smack.java:36) ~[smack-core-4.4.0.jar:4.4.0]
	at org.jivesoftware.smack.Smack.ensureInitialized(Smack.java:50) ~[smack-core-4.4.0.jar:4.4.0]
	at org.jivesoftware.smack.ConnectionConfiguration.<clinit>(ConnectionConfiguration.java:115) ~[smack-core-4.4.0.jar:4.4.0]
	at org.jivesoftware.openfire.container.ClientPlugin.createWebAppContext(ClientPlugin.java:296) ~[target/:?]
	at org.jivesoftware.openfire.container.ClientPlugin.startup(ClientPlugin.java:150) ~[target/:?]
	at org.jivesoftware.openfire.container.ClientPlugin.initializePlugin(ClientPlugin.java:343) ~[target/:?]
	at org.jivesoftware.openfire.container.PluginManager.loadPlugin(PluginManager.java:683) [target/:?]
	at org.jivesoftware.openfire.container.PluginMonitor$MonitorTask$4.call(PluginMonitor.java:375) [target/:?]
	at org.jivesoftware.openfire.container.PluginMonitor$MonitorTask$4.call(PluginMonitor.java:1) [target/:?]
	at java.util.concurrent.FutureTask.run(FutureTask.java:266) [?:1.8.0_271]
	at java.util.concurrent.ThreadPoolExecutor.runWorker(ThreadPoolExecutor.java:1149) [?:1.8.0_271]
	at java.util.concurrent.ThreadPoolExecutor$Worker.run(ThreadPoolExecutor.java:624) [?:1.8.0_271]
	at java.lang.Thread.run(Thread.java:748) [?:1.8.0_271]
Caused by: java.lang.ClassNotFoundException: org.jivesoftware.smack.sm.StreamManagementModuleDescriptor
	at java.net.URLClassLoader.findClass(URLClassLoader.java:382) ~[?:1.8.0_271]
	at java.lang.ClassLoader.loadClass(ClassLoader.java:418) ~[?:1.8.0_271]
	at sun.misc.Launcher$AppClassLoader.loadClass(Launcher.java:355) ~[?:1.8.0_271]
	at java.lang.ClassLoader.loadClass(ClassLoader.java:351) ~[?:1.8.0_271]
	... 21 more
2020.12.23 10:59:08 org.jivesoftware.openfire.container.PluginManager - An exception occurred while loading plugin 'client':
java.lang.IllegalArgumentException: Must define the XMPP domain
	at org.jivesoftware.smack.ConnectionConfiguration.<init>(ConnectionConfiguration.java:213) ~[smack-core-4.4.0.jar:4.4.0]
	at org.jivesoftware.smack.tcp.XMPPTCPConnectionConfiguration.<init>(XMPPTCPConnectionConfiguration.java:52) ~[smack-tcp-4.1.9.jar:4.1.9]
	at org.jivesoftware.smack.tcp.XMPPTCPConnectionConfiguration.<init>(XMPPTCPConnectionConfiguration.java:36) ~[smack-tcp-4.1.9.jar:4.1.9]
	at org.jivesoftware.smack.tcp.XMPPTCPConnectionConfiguration$Builder.build(XMPPTCPConnectionConfiguration.java:126) ~[smack-tcp-4.1.9.jar:4.1.9]
	at org.jivesoftware.openfire.container.ClientPlugin.createWebAppContext(ClientPlugin.java:300) ~[target/:?]
	at org.jivesoftware.openfire.container.ClientPlugin.startup(ClientPlugin.java:150) ~[target/:?]
	at org.jivesoftware.openfire.container.ClientPlugin.initializePlugin(ClientPlugin.java:343) ~[target/:?]
	at org.jivesoftware.openfire.container.PluginManager.loadPlugin(PluginManager.java:683) [target/:?]
	at org.jivesoftware.openfire.container.PluginMonitor$MonitorTask$4.call(PluginMonitor.java:375) [target/:?]
	at org.jivesoftware.openfire.container.PluginMonitor$MonitorTask$4.call(PluginMonitor.java:1) [target/:?]
	at java.util.concurrent.FutureTask.run(FutureTask.java:266) [?:1.8.0_271]
	at java.util.concurrent.ThreadPoolExecutor.runWorker(ThreadPoolExecutor.java:1149) [?:1.8.0_271]
	at java.util.concurrent.ThreadPoolExecutor$Worker.run(ThreadPoolExecutor.java:624) [?:1.8.0_271]
	at java.lang.Thread.run(Thread.java:748) [?:1.8.0_271]
2020.12.23 11:00:28 org.jivesoftware.openfire.container.PluginManager - An exception occurred while loading plugin 'client':
java.lang.NoClassDefFoundError: org/jivesoftware/smack/SynchronizationPoint
	at org.jivesoftware.smack.tcp.XMPPTCPConnection.<init>(XMPPTCPConnection.java:174) ~[smack-tcp-4.1.9.jar:4.1.9]
	at org.jivesoftware.openfire.container.ClientPlugin.createWebAppContext(ClientPlugin.java:308) ~[target/:?]
	at org.jivesoftware.openfire.container.ClientPlugin.startup(ClientPlugin.java:151) ~[target/:?]
	at org.jivesoftware.openfire.container.ClientPlugin.initializePlugin(ClientPlugin.java:350) ~[target/:?]
	at org.jivesoftware.openfire.container.PluginManager.loadPlugin(PluginManager.java:683) [target/:?]
	at org.jivesoftware.openfire.container.PluginMonitor$MonitorTask$4.call(PluginMonitor.java:375) [target/:?]
	at org.jivesoftware.openfire.container.PluginMonitor$MonitorTask$4.call(PluginMonitor.java:1) [target/:?]
	at java.util.concurrent.FutureTask.run(FutureTask.java:266) [?:1.8.0_271]
	at java.util.concurrent.ThreadPoolExecutor.runWorker(ThreadPoolExecutor.java:1149) [?:1.8.0_271]
	at java.util.concurrent.ThreadPoolExecutor$Worker.run(ThreadPoolExecutor.java:624) [?:1.8.0_271]
	at java.lang.Thread.run(Thread.java:748) [?:1.8.0_271]
Caused by: java.lang.ClassNotFoundException: org.jivesoftware.smack.SynchronizationPoint
	at java.net.URLClassLoader.findClass(URLClassLoader.java:382) ~[?:1.8.0_271]
	at java.lang.ClassLoader.loadClass(ClassLoader.java:418) ~[?:1.8.0_271]
	at sun.misc.Launcher$AppClassLoader.loadClass(Launcher.java:355) ~[?:1.8.0_271]
	at java.lang.ClassLoader.loadClass(ClassLoader.java:351) ~[?:1.8.0_271]
	... 11 more
2020.12.23 11:05:47 org.jivesoftware.openfire.container.PluginManager - An exception occurred while loading plugin 'client':
java.lang.IllegalArgumentException: Must provide XMPP service name
	at org.jivesoftware.smack.ConnectionConfiguration.<init>(ConnectionConfiguration.java:105) ~[smack-core-4.1.9.jar:4.1.9]
	at org.jivesoftware.smack.tcp.XMPPTCPConnectionConfiguration.<init>(XMPPTCPConnectionConfiguration.java:52) ~[smack-tcp-4.1.9.jar:4.1.9]
	at org.jivesoftware.smack.tcp.XMPPTCPConnectionConfiguration.<init>(XMPPTCPConnectionConfiguration.java:36) ~[smack-tcp-4.1.9.jar:4.1.9]
	at org.jivesoftware.smack.tcp.XMPPTCPConnectionConfiguration$Builder.build(XMPPTCPConnectionConfiguration.java:126) ~[smack-tcp-4.1.9.jar:4.1.9]
	at org.jivesoftware.openfire.container.ClientPlugin.createWebAppContext(ClientPlugin.java:301) ~[target/:?]
	at org.jivesoftware.openfire.container.ClientPlugin.startup(ClientPlugin.java:151) ~[target/:?]
	at org.jivesoftware.openfire.container.ClientPlugin.initializePlugin(ClientPlugin.java:344) ~[target/:?]
	at org.jivesoftware.openfire.container.PluginManager.loadPlugin(PluginManager.java:683) [target/:?]
	at org.jivesoftware.openfire.container.PluginMonitor$MonitorTask$4.call(PluginMonitor.java:375) [target/:?]
	at org.jivesoftware.openfire.container.PluginMonitor$MonitorTask$4.call(PluginMonitor.java:1) [target/:?]
	at java.util.concurrent.FutureTask.run(FutureTask.java:266) [?:1.8.0_271]
	at java.util.concurrent.ThreadPoolExecutor.runWorker(ThreadPoolExecutor.java:1149) [?:1.8.0_271]
	at java.util.concurrent.ThreadPoolExecutor$Worker.run(ThreadPoolExecutor.java:624) [?:1.8.0_271]
	at java.lang.Thread.run(Thread.java:748) [?:1.8.0_271]
2020.12.23 15:00:47 org.jivesoftware.openfire.spi.MINAConnectionAcceptor[socket_c2s_ssl] - Error starting: 5223
java.io.IOException: Error while binding on 0.0.0.0/0.0.0.0:5223
original message : Address already in use: bind
	at org.apache.mina.transport.socket.nio.NioSocketAcceptor.open(NioSocketAcceptor.java:257) ~[mina-core-2.1.3.jar:?]
	at org.apache.mina.transport.socket.nio.NioSocketAcceptor.open(NioSocketAcceptor.java:50) ~[mina-core-2.1.3.jar:?]
	at org.apache.mina.core.polling.AbstractPollingIoAcceptor$Acceptor.registerHandles(AbstractPollingIoAcceptor.java:591) ~[mina-core-2.1.3.jar:?]
	at org.apache.mina.core.polling.AbstractPollingIoAcceptor$Acceptor.run(AbstractPollingIoAcceptor.java:460) ~[mina-core-2.1.3.jar:?]
	at org.apache.mina.util.NamePreservingRunnable.run(NamePreservingRunnable.java:64) ~[mina-core-2.1.3.jar:?]
	at java.util.concurrent.ThreadPoolExecutor.runWorker(ThreadPoolExecutor.java:1149) [?:1.8.0_271]
	at java.util.concurrent.ThreadPoolExecutor$Worker.run(ThreadPoolExecutor.java:624) [?:1.8.0_271]
	at java.lang.Thread.run(Thread.java:748) [?:1.8.0_271]
2020.12.23 15:00:47 org.jivesoftware.openfire.spi.MINAConnectionAcceptor[component_ssl] - Error starting: 5276
java.io.IOException: Error while binding on 0.0.0.0/0.0.0.0:5276
original message : Address already in use: bind
	at org.apache.mina.transport.socket.nio.NioSocketAcceptor.open(NioSocketAcceptor.java:257) ~[mina-core-2.1.3.jar:?]
	at org.apache.mina.transport.socket.nio.NioSocketAcceptor.open(NioSocketAcceptor.java:50) ~[mina-core-2.1.3.jar:?]
	at org.apache.mina.core.polling.AbstractPollingIoAcceptor$Acceptor.registerHandles(AbstractPollingIoAcceptor.java:591) ~[mina-core-2.1.3.jar:?]
	at org.apache.mina.core.polling.AbstractPollingIoAcceptor$Acceptor.run(AbstractPollingIoAcceptor.java:460) ~[mina-core-2.1.3.jar:?]
	at org.apache.mina.util.NamePreservingRunnable.run(NamePreservingRunnable.java:64) ~[mina-core-2.1.3.jar:?]
	at java.util.concurrent.ThreadPoolExecutor.runWorker(ThreadPoolExecutor.java:1149) [?:1.8.0_271]
	at java.util.concurrent.ThreadPoolExecutor$Worker.run(ThreadPoolExecutor.java:624) [?:1.8.0_271]
	at java.lang.Thread.run(Thread.java:748) [?:1.8.0_271]
2020.12.23 15:00:47 org.jivesoftware.openfire.spi.MINAConnectionAcceptor[connection_manager_ssl] - Error starting: 5263
java.io.IOException: Error while binding on 0.0.0.0/0.0.0.0:5263
original message : Address already in use: bind
	at org.apache.mina.transport.socket.nio.NioSocketAcceptor.open(NioSocketAcceptor.java:257) ~[mina-core-2.1.3.jar:?]
	at org.apache.mina.transport.socket.nio.NioSocketAcceptor.open(NioSocketAcceptor.java:50) ~[mina-core-2.1.3.jar:?]
	at org.apache.mina.core.polling.AbstractPollingIoAcceptor$Acceptor.registerHandles(AbstractPollingIoAcceptor.java:591) ~[mina-core-2.1.3.jar:?]
	at org.apache.mina.core.polling.AbstractPollingIoAcceptor$Acceptor.run(AbstractPollingIoAcceptor.java:460) ~[mina-core-2.1.3.jar:?]
	at org.apache.mina.util.NamePreservingRunnable.run(NamePreservingRunnable.java:64) ~[mina-core-2.1.3.jar:?]
	at java.util.concurrent.ThreadPoolExecutor.runWorker(ThreadPoolExecutor.java:1149) [?:1.8.0_271]
	at java.util.concurrent.ThreadPoolExecutor$Worker.run(ThreadPoolExecutor.java:624) [?:1.8.0_271]
	at java.lang.Thread.run(Thread.java:748) [?:1.8.0_271]
